<?xml version="1.0" encoding="UTF-8"?>
<!-- Generated by org.testng.reporters.JUnitXMLReporter -->
<testsuite ignored="0" hostname="DESKTOP-G7QS3VS" failures="1" tests="6" name="Free CRM App Test Cases" time="40.343" errors="0" timestamp="26 Jul 2022 10:19:53 GMT">
  <testcase classname="com.crm.qa.testcases.PreLoginPageTest" name="preLoginPageTitleTest" time="0.043"/>
  <testcase classname="com.crm.qa.testcases.LoginPageTest" name="SignInButtonTest" time="10.19"/>
  <testcase classname="com.crm.qa.testcases.PreLoginPageTest" name="validateMainHeadingTest" time="0.309"/>
  <testcase classname="com.crm.qa.testcases.LoginPageTest" name="loginPageTitleTest" time="5.028">
    <failure type="java.lang.AssertionError" message="expected [Address Book - Sign In] but found [Address Book]">
      <![CDATA[java.lang.AssertionError: expected [Address Book - Sign In] but found [Address Book]
	at com.crm.qa.testcases.LoginPageTest.loginPageTitleTest(LoginPageTest.java:38)
... Removed 31 stack frames]]>
    </failure>
  </testcase> <!-- loginPageTitleTest -->
  <testcase classname="com.crm.qa.testcases.PreLoginPageTest" name="validateSubHeadingTest" time="0.08"/>
  <testcase classname="com.crm.qa.testcases.LoginPageTest" name="loginTest" time="1.455"/>
</testsuite> <!-- Free CRM App Test Cases -->
