<?xml version="1.0" encoding="UTF-8"?>
<!-- Generated by org.testng.reporters.JUnitXMLReporter -->
<testsuite ignored="0" hostname="DESKTOP-G7QS3VS" failures="0" tests="3" name="Default test" time="25.068" errors="0" timestamp="26 Jul 2022 10:00:26 GMT">
  <testcase classname="com.crm.qa.testcases.LoginPageTest" name="SignInButtonTest" time="3.248"/>
  <testcase classname="com.crm.qa.testcases.LoginPageTest" name="loginPageTitleTest" time="0.052"/>
  <testcase classname="com.crm.qa.testcases.LoginPageTest" name="loginTest" time="1.691"/>
</testsuite> <!-- Default test -->
